<?xml version="1.0" encoding="UTF-8"?>
<testng-results skipped="0" failed="0" total="1" passed="1">
  <reporter-output>
  </reporter-output>
  <suite name="Default suite" duration-ms="14067" started-at="2019-08-03T11:54:17Z" finished-at="2019-08-03T11:54:31Z">
    <groups>
    </groups>
    <test name="Default test" duration-ms="14067" started-at="2019-08-03T11:54:17Z" finished-at="2019-08-03T11:54:31Z">
      <class name="seleniumPrograms.PrintAllLinks">
        <test-method status="PASS" signature="openBrowser()[pri:0, instance:seleniumPrograms.PrintAllLinks@5b275dab]" name="openBrowser" duration-ms="14022" started-at="2019-08-03T17:24:17Z" finished-at="2019-08-03T17:24:31Z">
          <reporter-output>
          </reporter-output>
        </test-method> <!-- openBrowser -->
      </class> <!-- seleniumPrograms.PrintAllLinks -->
    </test> <!-- Default test -->
  </suite> <!-- Default suite -->
</testng-results>
